[debug] [2026-01-15T11:36:02.292Z] ----------------------------------------------------------------------
[debug] [2026-01-15T11:36:02.298Z] Command:       /opt/homebrew/Cellar/node/25.3.0/bin/node /opt/homebrew/bin/firebase deploy --only firestore:indexes --project oremi-mvp --debug
[debug] [2026-01-15T11:36:02.298Z] CLI Version:   15.3.0
[debug] [2026-01-15T11:36:02.298Z] Platform:      darwin
[debug] [2026-01-15T11:36:02.298Z] Node Version:  v25.3.0
[debug] [2026-01-15T11:36:02.298Z] Time:          Thu Jan 15 2026 13:36:02 GMT+0200 (South Africa Standard Time)
[debug] [2026-01-15T11:36:02.298Z] ----------------------------------------------------------------------
[debug] 
[debug] [2026-01-15T11:36:02.954Z] > command requires scopes: ["email","openid","https://www.googleapis.com/auth/cloudplatformprojects.readonly","https://www.googleapis.com/auth/firebase","https://www.googleapis.com/auth/cloud-platform"]
[debug] [2026-01-15T11:36:02.955Z] > authorizing via signed-in user (ambra.lioness@gmail.com)
[debug] [2026-01-15T11:36:02.955Z] [iam] checking project oremi-mvp for permissions ["datastore.indexes.create","datastore.indexes.delete","datastore.indexes.list","datastore.indexes.update","firebase.projects.get"]
[debug] [2026-01-15T11:36:02.955Z] Checked if tokens are valid: true, expires at: 1768479559304
[debug] [2026-01-15T11:36:02.955Z] Checked if tokens are valid: true, expires at: 1768479559304
[debug] [2026-01-15T11:36:02.956Z] >>> [apiv2][query] POST https://cloudresourcemanager.googleapis.com/v1/projects/oremi-mvp:testIamPermissions [none]
[debug] [2026-01-15T11:36:02.956Z] >>> [apiv2][(partial)header] POST https://cloudresourcemanager.googleapis.com/v1/projects/oremi-mvp:testIamPermissions x-goog-quota-user=projects/oremi-mvp
[debug] [2026-01-15T11:36:02.956Z] >>> [apiv2][body] POST https://cloudresourcemanager.googleapis.com/v1/projects/oremi-mvp:testIamPermissions {"permissions":["datastore.indexes.create","datastore.indexes.delete","datastore.indexes.list","datastore.indexes.update","firebase.projects.get"]}
[debug] [2026-01-15T11:36:04.631Z] <<< [apiv2][status] POST https://cloudresourcemanager.googleapis.com/v1/projects/oremi-mvp:testIamPermissions 200
[debug] [2026-01-15T11:36:04.632Z] <<< [apiv2][body] POST https://cloudresourcemanager.googleapis.com/v1/projects/oremi-mvp:testIamPermissions {"permissions":["datastore.indexes.create","datastore.indexes.delete","datastore.indexes.list","datastore.indexes.update","firebase.projects.get"]}
[info] 
[info] === Deploying to 'oremi-mvp'...
[info] 
[info] i  deploying firestore 
[info] i  firestore: ensuring required API firestore.googleapis.com is enabled... 
[info] i  firestore: ensuring required API firestore.googleapis.com is enabled... 
[debug] [2026-01-15T11:36:04.635Z] Checked if tokens are valid: true, expires at: 1768479559304
[debug] [2026-01-15T11:36:04.635Z] Checked if tokens are valid: true, expires at: 1768479559304
[debug] [2026-01-15T11:36:04.635Z] >>> [apiv2][query] GET https://firestore.googleapis.com/v1/projects/oremi-mvp/databases/(default) [none]
[debug] [2026-01-15T11:36:04.940Z] <<< [apiv2][status] GET https://firestore.googleapis.com/v1/projects/oremi-mvp/databases/(default) 200
[debug] [2026-01-15T11:36:04.940Z] <<< [apiv2][body] GET https://firestore.googleapis.com/v1/projects/oremi-mvp/databases/(default) {"name":"projects/oremi-mvp/databases/(default)","uid":"96eb9345-67a6-422c-8953-b941f26d62a5","createTime":"2026-01-15T10:14:40.268836Z","updateTime":"2026-01-15T10:14:40.268836Z","locationId":"africa-south1","type":"FIRESTORE_NATIVE","concurrencyMode":"PESSIMISTIC","versionRetentionPeriod":"3600s","earliestVersionTime":"2026-01-15T10:36:05.028044Z","appEngineIntegrationMode":"DISABLED","pointInTimeRecoveryEnablement":"POINT_IN_TIME_RECOVERY_DISABLED","deleteProtectionState":"DELETE_PROTECTION_DISABLED","databaseEdition":"STANDARD","freeTier":true,"realtimeUpdatesMode":"REALTIME_UPDATES_MODE_ENABLED","etag":"IP79rIq6jZIDMIv9obqsjZID"}
[info] i  firestore: reading indexes from firestore.indexes.json... 
[info] i  cloud.firestore: checking firestore.rules for compilation errors... 
[debug] [2026-01-15T11:36:04.941Z] Checked if tokens are valid: true, expires at: 1768479559304
[debug] [2026-01-15T11:36:04.941Z] Checked if tokens are valid: true, expires at: 1768479559304
[debug] [2026-01-15T11:36:04.942Z] >>> [apiv2][query] POST https://firebaserules.googleapis.com/v1/projects/oremi-mvp:test [none]
[debug] [2026-01-15T11:36:04.942Z] >>> [apiv2][body] POST https://firebaserules.googleapis.com/v1/projects/oremi-mvp:test [omitted]
[debug] [2026-01-15T11:36:05.555Z] <<< [apiv2][status] POST https://firebaserules.googleapis.com/v1/projects/oremi-mvp:test 200
[debug] [2026-01-15T11:36:05.556Z] <<< [apiv2][body] POST https://firebaserules.googleapis.com/v1/projects/oremi-mvp:test {}
[info] ✔  cloud.firestore: rules file firestore.rules compiled successfully 
[info] i  firestore: deploying indexes... 
[debug] [2026-01-15T11:36:05.560Z] Checked if tokens are valid: true, expires at: 1768479559304
[debug] [2026-01-15T11:36:05.561Z] Checked if tokens are valid: true, expires at: 1768479559304
[debug] [2026-01-15T11:36:05.561Z] >>> [apiv2][query] GET https://firestore.googleapis.com/v1/projects/oremi-mvp/databases/(default)/collectionGroups/-/indexes [none]
[debug] [2026-01-15T11:36:05.755Z] <<< [apiv2][status] GET https://firestore.googleapis.com/v1/projects/oremi-mvp/databases/(default)/collectionGroups/-/indexes 200
[debug] [2026-01-15T11:36:05.755Z] <<< [apiv2][body] GET https://firestore.googleapis.com/v1/projects/oremi-mvp/databases/(default)/collectionGroups/-/indexes {}
[debug] [2026-01-15T11:36:05.756Z] Checked if tokens are valid: true, expires at: 1768479559304
[debug] [2026-01-15T11:36:05.756Z] Checked if tokens are valid: true, expires at: 1768479559304
[debug] [2026-01-15T11:36:05.756Z] >>> [apiv2][query] GET https://firestore.googleapis.com/v1/projects/oremi-mvp/databases/(default)/collectionGroups/-/fields?filter=indexConfig.usesAncestorConfig=false OR ttlConfig:* [none]
[debug] [2026-01-15T11:36:05.804Z] <<< [apiv2][status] GET https://firestore.googleapis.com/v1/projects/oremi-mvp/databases/(default)/collectionGroups/-/fields?filter=indexConfig.usesAncestorConfig=false OR ttlConfig:* 200
[debug] [2026-01-15T11:36:05.804Z] <<< [apiv2][body] GET https://firestore.googleapis.com/v1/projects/oremi-mvp/databases/(default)/collectionGroups/-/fields?filter=indexConfig.usesAncestorConfig=false OR ttlConfig:* {"fields":[{"name":"projects/oremi-mvp/databases/(default)/collectionGroups/__default__/fields/*","indexConfig":{"indexes":[{"queryScope":"COLLECTION","fields":[{"fieldPath":"*","order":"ASCENDING"}],"state":"READY"},{"queryScope":"COLLECTION","fields":[{"fieldPath":"*","order":"DESCENDING"}],"state":"READY"},{"queryScope":"COLLECTION","fields":[{"fieldPath":"*","arrayConfig":"CONTAINS"}],"state":"READY"}]}}]}
[debug] [2026-01-15T11:36:05.804Z] Checked if tokens are valid: true, expires at: 1768479559304
[debug] [2026-01-15T11:36:05.804Z] Checked if tokens are valid: true, expires at: 1768479559304
[debug] [2026-01-15T11:36:05.804Z] >>> [apiv2][query] GET https://firestore.googleapis.com/v1/projects/oremi-mvp/databases/(default) [none]
[debug] [2026-01-15T11:36:05.858Z] <<< [apiv2][status] GET https://firestore.googleapis.com/v1/projects/oremi-mvp/databases/(default) 200
[debug] [2026-01-15T11:36:05.858Z] <<< [apiv2][body] GET https://firestore.googleapis.com/v1/projects/oremi-mvp/databases/(default) {"name":"projects/oremi-mvp/databases/(default)","uid":"96eb9345-67a6-422c-8953-b941f26d62a5","createTime":"2026-01-15T10:14:40.268836Z","updateTime":"2026-01-15T10:14:40.268836Z","locationId":"africa-south1","type":"FIRESTORE_NATIVE","concurrencyMode":"PESSIMISTIC","versionRetentionPeriod":"3600s","earliestVersionTime":"2026-01-15T10:36:05.983712Z","appEngineIntegrationMode":"DISABLED","pointInTimeRecoveryEnablement":"POINT_IN_TIME_RECOVERY_DISABLED","deleteProtectionState":"DELETE_PROTECTION_DISABLED","databaseEdition":"STANDARD","freeTier":true,"realtimeUpdatesMode":"REALTIME_UPDATES_MODE_ENABLED","etag":"II2n54q6jZIDMIv9obqsjZID"}
[info] ✔  firestore: deployed indexes in firestore.indexes.json successfully for (default) database 
[info] 
[info] ✔  Deploy complete! 
[info] 
[info] Project Console: https://console.firebase.google.com/project/oremi-mvp/overview
